<?xml version="1.0" encoding="UTF-8"?>
<testsuite name="springbootcamp.springrest.SpringRestApplicationTests" tests="1" skipped="0" failures="0" errors="0" timestamp="2019-06-17T17:55:56" hostname="rocks" time="0.362">
  <properties/>
  <testcase name="contextLoads" classname="springbootcamp.springrest.SpringRestApplicationTests" time="0.362"/>
  <system-out><![CDATA[12:55:50.827 [Test worker] DEBUG org.springframework.test.context.junit4.SpringJUnit4ClassRunner - SpringJUnit4ClassRunner constructor called with [class springbootcamp.springrest.SpringRestApplicationTests]
12:55:50.860 [Test worker] DEBUG org.springframework.test.context.BootstrapUtils - Instantiating CacheAwareContextLoaderDelegate from class [org.springframework.test.context.cache.DefaultCacheAwareContextLoaderDelegate]
12:55:50.875 [Test worker] DEBUG org.springframework.test.context.BootstrapUtils - Instantiating BootstrapContext using constructor [public org.springframework.test.context.support.DefaultBootstrapContext(java.lang.Class,org.springframework.test.context.CacheAwareContextLoaderDelegate)]
12:55:50.902 [Test worker] DEBUG org.springframework.test.context.BootstrapUtils - Instantiating TestContextBootstrapper for test class [springbootcamp.springrest.SpringRestApplicationTests] from class [org.springframework.boot.test.context.SpringBootTestContextBootstrapper]
12:55:50.919 [Test worker] INFO org.springframework.boot.test.context.SpringBootTestContextBootstrapper - Neither @ContextConfiguration nor @ContextHierarchy found for test class [springbootcamp.springrest.SpringRestApplicationTests], using SpringBootContextLoader
12:55:50.924 [Test worker] DEBUG org.springframework.test.context.support.AbstractContextLoader - Did not detect default resource location for test class [springbootcamp.springrest.SpringRestApplicationTests]: class path resource [springbootcamp/springrest/SpringRestApplicationTests-context.xml] does not exist
12:55:50.926 [Test worker] DEBUG org.springframework.test.context.support.AbstractContextLoader - Did not detect default resource location for test class [springbootcamp.springrest.SpringRestApplicationTests]: class path resource [springbootcamp/springrest/SpringRestApplicationTestsContext.groovy] does not exist
12:55:50.927 [Test worker] INFO org.springframework.test.context.support.AbstractContextLoader - Could not detect default resource locations for test class [springbootcamp.springrest.SpringRestApplicationTests]: no resource found for suffixes {-context.xml, Context.groovy}.
12:55:50.928 [Test worker] INFO org.springframework.test.context.support.AnnotationConfigContextLoaderUtils - Could not detect default configuration classes for test class [springbootcamp.springrest.SpringRestApplicationTests]: SpringRestApplicationTests does not declare any static, non-private, non-final, nested classes annotated with @Configuration.
12:55:50.995 [Test worker] DEBUG org.springframework.test.context.support.ActiveProfilesUtils - Could not find an 'annotation declaring class' for annotation type [org.springframework.test.context.ActiveProfiles] and class [springbootcamp.springrest.SpringRestApplicationTests]
12:55:51.095 [Test worker] DEBUG org.springframework.context.annotation.ClassPathScanningCandidateComponentProvider - Identified candidate component class: file [/home/rocks/Documents/Programming/Spring/bootcamp-java-spring-may-2019/Week3/VictorMartinez/Swagger/spring-rest/build/classes/java/main/springbootcamp/springrest/SpringRestApplication.class]
12:55:51.097 [Test worker] INFO org.springframework.boot.test.context.SpringBootTestContextBootstrapper - Found @SpringBootConfiguration springbootcamp.springrest.SpringRestApplication for test class springbootcamp.springrest.SpringRestApplicationTests
12:55:51.220 [Test worker] DEBUG org.springframework.boot.test.context.SpringBootTestContextBootstrapper - @TestExecutionListeners is not present for class [springbootcamp.springrest.SpringRestApplicationTests]: using defaults.
12:55:51.222 [Test worker] INFO org.springframework.boot.test.context.SpringBootTestContextBootstrapper - Loaded default TestExecutionListener class names from location [META-INF/spring.factories]: [org.springframework.boot.test.autoconfigure.restdocs.RestDocsTestExecutionListener, org.springframework.boot.test.autoconfigure.web.client.MockRestServiceServerResetTestExecutionListener, org.springframework.boot.test.autoconfigure.web.servlet.MockMvcPrintOnlyOnFailureTestExecutionListener, org.springframework.boot.test.autoconfigure.web.servlet.WebDriverTestExecutionListener, org.springframework.boot.test.mock.mockito.MockitoTestExecutionListener, org.springframework.boot.test.mock.mockito.ResetMocksTestExecutionListener, org.springframework.test.context.web.ServletTestExecutionListener, org.springframework.test.context.support.DirtiesContextBeforeModesTestExecutionListener, org.springframework.test.context.support.DependencyInjectionTestExecutionListener, org.springframework.test.context.support.DirtiesContextTestExecutionListener, org.springframework.test.context.transaction.TransactionalTestExecutionListener, org.springframework.test.context.jdbc.SqlScriptsTestExecutionListener]
12:55:51.240 [Test worker] DEBUG org.springframework.boot.test.context.SpringBootTestContextBootstrapper - Skipping candidate TestExecutionListener [org.springframework.test.context.transaction.TransactionalTestExecutionListener] due to a missing dependency. Specify custom listener classes or make the default listener classes and their required dependencies available. Offending class: [org/springframework/transaction/interceptor/TransactionAttributeSource]
12:55:51.242 [Test worker] DEBUG org.springframework.boot.test.context.SpringBootTestContextBootstrapper - Skipping candidate TestExecutionListener [org.springframework.test.context.jdbc.SqlScriptsTestExecutionListener] due to a missing dependency. Specify custom listener classes or make the default listener classes and their required dependencies available. Offending class: [org/springframework/transaction/interceptor/TransactionAttribute]
12:55:51.243 [Test worker] INFO org.springframework.boot.test.context.SpringBootTestContextBootstrapper - Using TestExecutionListeners: [org.springframework.test.context.web.ServletTestExecutionListener@7dfca3ad, org.springframework.test.context.support.DirtiesContextBeforeModesTestExecutionListener@31bb914c, org.springframework.boot.test.mock.mockito.MockitoTestExecutionListener@f16e1ee, org.springframework.boot.test.autoconfigure.SpringBootDependencyInjectionTestExecutionListener@2958edc4, org.springframework.test.context.support.DirtiesContextTestExecutionListener@31a1c289, org.springframework.boot.test.autoconfigure.restdocs.RestDocsTestExecutionListener@5cfd0400, org.springframework.boot.test.autoconfigure.web.client.MockRestServiceServerResetTestExecutionListener@64dc87e0, org.springframework.boot.test.autoconfigure.web.servlet.MockMvcPrintOnlyOnFailureTestExecutionListener@a047072, org.springframework.boot.test.autoconfigure.web.servlet.WebDriverTestExecutionListener@358e5e31, org.springframework.boot.test.mock.mockito.ResetMocksTestExecutionListener@1e79184]
12:55:51.247 [Test worker] DEBUG org.springframework.test.annotation.ProfileValueUtils - Retrieved @ProfileValueSourceConfiguration [null] for test class [springbootcamp.springrest.SpringRestApplicationTests]
12:55:51.248 [Test worker] DEBUG org.springframework.test.annotation.ProfileValueUtils - Retrieved ProfileValueSource type [class org.springframework.test.annotation.SystemProfileValueSource] for class [springbootcamp.springrest.SpringRestApplicationTests]
12:55:51.250 [Test worker] DEBUG org.springframework.test.annotation.ProfileValueUtils - Retrieved @ProfileValueSourceConfiguration [null] for test class [springbootcamp.springrest.SpringRestApplicationTests]
12:55:51.250 [Test worker] DEBUG org.springframework.test.annotation.ProfileValueUtils - Retrieved ProfileValueSource type [class org.springframework.test.annotation.SystemProfileValueSource] for class [springbootcamp.springrest.SpringRestApplicationTests]
12:55:51.258 [Test worker] DEBUG org.springframework.test.context.support.AbstractDirtiesContextTestExecutionListener - Before test class: context [DefaultTestContext@58de1734 testClass = SpringRestApplicationTests, testInstance = [null], testMethod = [null], testException = [null], mergedContextConfiguration = [WebMergedContextConfiguration@1e4cd72f testClass = SpringRestApplicationTests, locations = '{}', classes = '{class springbootcamp.springrest.SpringRestApplication}', contextInitializerClasses = '[]', activeProfiles = '{}', propertySourceLocations = '{}', propertySourceProperties = '{org.springframework.boot.test.context.SpringBootTestContextBootstrapper=true}', contextCustomizers = set[org.springframework.boot.test.autoconfigure.properties.PropertyMappingContextCustomizer@0, org.springframework.boot.test.autoconfigure.web.servlet.WebDriverContextCustomizerFactory$Customizer@7a033845, org.springframework.boot.test.context.filter.ExcludeFilterContextCustomizer@579aec14, org.springframework.boot.test.json.DuplicateJsonObjectContextCustomizerFactory$DuplicateJsonObjectContextCustomizer@3f629c2b, org.springframework.boot.test.mock.mockito.MockitoContextCustomizer@0, org.springframework.boot.test.web.client.TestRestTemplateContextCustomizer@10ce1652], resourceBasePath = 'src/main/webapp', contextLoader = 'org.springframework.boot.test.context.SpringBootContextLoader', parent = [null]], attributes = map['org.springframework.test.context.web.ServletTestExecutionListener.activateListener' -> true]], class annotated with @DirtiesContext [false] with mode [null].
12:55:51.260 [Test worker] DEBUG org.springframework.test.annotation.ProfileValueUtils - Retrieved @ProfileValueSourceConfiguration [null] for test class [springbootcamp.springrest.SpringRestApplicationTests]
12:55:51.260 [Test worker] DEBUG org.springframework.test.annotation.ProfileValueUtils - Retrieved ProfileValueSource type [class org.springframework.test.annotation.SystemProfileValueSource] for class [springbootcamp.springrest.SpringRestApplicationTests]
12:55:51.291 [Test worker] DEBUG org.springframework.test.context.support.TestPropertySourceUtils - Adding inlined properties to environment: {spring.jmx.enabled=false, org.springframework.boot.test.context.SpringBootTestContextBootstrapper=true, server.port=-1}

  .   ____          _            __ _ _
 /\\ / ___'_ __ _ _(_)_ __  __ _ \ \ \ \
( ( )\___ | '_ | '_| | '_ \/ _` | \ \ \ \
 \\/  ___)| |_)| | | | | || (_| |  ) ) ) )
  '  |____| .__|_| |_|_| |_\__, | / / / /
 =========|_|==============|___/=/_/_/_/
 :: Spring Boot ::        (v2.1.5.RELEASE)

2019-06-17 12:55:51.858  INFO 29760 --- [    Test worker] s.springrest.SpringRestApplicationTests  : Starting SpringRestApplicationTests on rocks with PID 29760 (started by rocks in /home/rocks/Documents/Programming/Spring/bootcamp-java-spring-may-2019/Week3/VictorMartinez/Swagger/spring-rest)
2019-06-17 12:55:51.861  INFO 29760 --- [    Test worker] s.springrest.SpringRestApplicationTests  : No active profile set, falling back to default profiles: default
2019-06-17 12:55:55.059  INFO 29760 --- [    Test worker] pertySourcedRequestMappingHandlerMapping : Mapped URL path [/v2/api-docs] onto method [public org.springframework.http.ResponseEntity<springfox.documentation.spring.web.json.Json> springfox.documentation.swagger2.web.Swagger2Controller.getDocumentation(java.lang.String,javax.servlet.http.HttpServletRequest)]
2019-06-17 12:55:55.774  INFO 29760 --- [    Test worker] o.s.s.concurrent.ThreadPoolTaskExecutor  : Initializing ExecutorService 'applicationTaskExecutor'
2019-06-17 12:55:56.101  INFO 29760 --- [    Test worker] d.s.w.p.DocumentationPluginsBootstrapper : Context refreshed
2019-06-17 12:55:56.124  INFO 29760 --- [    Test worker] d.s.w.p.DocumentationPluginsBootstrapper : Found 1 custom documentation plugin(s)
2019-06-17 12:55:56.196  INFO 29760 --- [    Test worker] s.d.s.w.s.ApiListingReferenceScanner     : Scanning for api listing references
2019-06-17 12:55:56.551  INFO 29760 --- [    Test worker] s.springrest.SpringRestApplicationTests  : Started SpringRestApplicationTests in 5.246 seconds (JVM running for 6.777)
]]></system-out>
  <system-err><![CDATA[]]></system-err>
</testsuite>
