<?xml version="1.0" encoding="UTF-8"?>
<testsuite name="com.glb.bootcamp.DELETE.ContractRestClientDELETEuserByID" tests="1" skipped="0" failures="0" errors="0" timestamp="2019-06-20T16:52:34" hostname="rocks" time="0.03">
  <properties/>
  <testcase name="delete_customer_from_service_contract_by_id" classname="com.glb.bootcamp.DELETE.ContractRestClientDELETEuserByID" time="0.03"/>
  <system-out><![CDATA[2019-06-20 11:52:33.547  INFO 14774 --- [    Test worker] .b.t.c.SpringBootTestContextBootstrapper : Neither @ContextConfiguration nor @ContextHierarchy found for test class [com.glb.bootcamp.DELETE.ContractRestClientDELETEuserByID], using SpringBootContextLoader
2019-06-20 11:52:33.549  INFO 14774 --- [    Test worker] o.s.t.c.support.AbstractContextLoader    : Could not detect default resource locations for test class [com.glb.bootcamp.DELETE.ContractRestClientDELETEuserByID]: no resource found for suffixes {-context.xml, Context.groovy}.
2019-06-20 11:52:33.549  INFO 14774 --- [    Test worker] t.c.s.AnnotationConfigContextLoaderUtils : Could not detect default configuration classes for test class [com.glb.bootcamp.DELETE.ContractRestClientDELETEuserByID]: ContractRestClientDELETEuserByID does not declare any static, non-private, non-final, nested classes annotated with @Configuration.
2019-06-20 11:52:33.561  INFO 14774 --- [    Test worker] .b.t.c.SpringBootTestContextBootstrapper : Found @SpringBootConfiguration com.glb.bootcamp.ContractRestClientApplication for test class com.glb.bootcamp.DELETE.ContractRestClientDELETEuserByID
2019-06-20 11:52:33.563  INFO 14774 --- [    Test worker] .b.t.c.SpringBootTestContextBootstrapper : Loaded default TestExecutionListener class names from location [META-INF/spring.factories]: [org.springframework.cloud.contract.stubrunner.provider.wiremock.StubRunnerWireMockTestExecutionListener, org.springframework.cloud.contract.wiremock.WireMockTestExecutionListener, org.springframework.boot.test.autoconfigure.restdocs.RestDocsTestExecutionListener, org.springframework.boot.test.autoconfigure.web.client.MockRestServiceServerResetTestExecutionListener, org.springframework.boot.test.autoconfigure.web.servlet.MockMvcPrintOnlyOnFailureTestExecutionListener, org.springframework.boot.test.autoconfigure.web.servlet.WebDriverTestExecutionListener, org.springframework.boot.test.mock.mockito.MockitoTestExecutionListener, org.springframework.boot.test.mock.mockito.ResetMocksTestExecutionListener, org.springframework.test.context.web.ServletTestExecutionListener, org.springframework.test.context.support.DirtiesContextBeforeModesTestExecutionListener, org.springframework.test.context.support.DependencyInjectionTestExecutionListener, org.springframework.test.context.support.DirtiesContextTestExecutionListener, org.springframework.test.context.transaction.TransactionalTestExecutionListener, org.springframework.test.context.jdbc.SqlScriptsTestExecutionListener]
2019-06-20 11:52:33.565  INFO 14774 --- [    Test worker] .b.t.c.SpringBootTestContextBootstrapper : Using TestExecutionListeners: [org.springframework.test.context.web.ServletTestExecutionListener@573b64ac, org.springframework.test.context.support.DirtiesContextBeforeModesTestExecutionListener@4ae80722, org.springframework.boot.test.mock.mockito.MockitoTestExecutionListener@501aa95d, org.springframework.boot.test.autoconfigure.SpringBootDependencyInjectionTestExecutionListener@26abc50a, org.springframework.test.context.support.DirtiesContextTestExecutionListener@2ab9db77, org.springframework.boot.test.autoconfigure.restdocs.RestDocsTestExecutionListener@20621815, org.springframework.boot.test.autoconfigure.web.client.MockRestServiceServerResetTestExecutionListener@25b70d05, org.springframework.boot.test.autoconfigure.web.servlet.MockMvcPrintOnlyOnFailureTestExecutionListener@5d4c0f2c, org.springframework.boot.test.autoconfigure.web.servlet.WebDriverTestExecutionListener@39ca1591, org.springframework.boot.test.mock.mockito.ResetMocksTestExecutionListener@958000d, org.springframework.cloud.contract.stubrunner.provider.wiremock.StubRunnerWireMockTestExecutionListener@149afb06, org.springframework.cloud.contract.wiremock.WireMockTestExecutionListener@2912a3d6]

  .   ____          _            __ _ _
 /\\ / ___'_ __ _ _(_)_ __  __ _ \ \ \ \
( ( )\___ | '_ | '_| | '_ \/ _` | \ \ \ \
 \\/  ___)| |_)| | | | | || (_| |  ) ) ) )
  '  |____| .__|_| |_|_| |_\__, | / / / /
 =========|_|==============|___/=/_/_/_/
 :: Spring Boot ::        (v2.1.4.RELEASE)

2019-06-20 11:52:33.593  INFO 14774 --- [    Test worker] c.g.b.D.ContractRestClientDELETEuserByID : Starting ContractRestClientDELETEuserByID on rocks with PID 14774 (started by rocks in /home/rocks/Documents/Programming/Spring/bootcamp-java-spring-may-2019/Week3/VictorMartinez/Contracts/spring-integration-test/contract-rest-client)
2019-06-20 11:52:33.594  INFO 14774 --- [    Test worker] c.g.b.D.ContractRestClientDELETEuserByID : No active profile set, falling back to default profiles: default
2019-06-20 11:52:33.915  INFO 14774 --- [    Test worker] o.s.b.w.embedded.tomcat.TomcatWebServer  : Tomcat initialized with port(s): 0 (http)
2019-06-20 11:52:33.917  INFO 14774 --- [    Test worker] o.apache.catalina.core.StandardService   : Starting service [Tomcat]
2019-06-20 11:52:33.917  INFO 14774 --- [    Test worker] org.apache.catalina.core.StandardEngine  : Starting Servlet engine: [Apache Tomcat/9.0.17]
2019-06-20 11:52:33.948  INFO 14774 --- [    Test worker] o.a.c.c.C.[Tomcat].[localhost].[/]       : Initializing Spring embedded WebApplicationContext
2019-06-20 11:52:33.948  INFO 14774 --- [    Test worker] o.s.web.context.ContextLoader            : Root WebApplicationContext: initialization completed in 351 ms
2019-06-20 11:52:34.175  INFO 14774 --- [    Test worker] o.s.s.concurrent.ThreadPoolTaskExecutor  : Initializing ExecutorService 'applicationTaskExecutor'
2019-06-20 11:52:34.306  INFO 14774 --- [    Test worker] o.s.c.c.s.AetherStubDownloaderBuilder    : Will download stubs and contracts via Aether
2019-06-20 11:52:34.306  INFO 14774 --- [    Test worker] o.s.c.c.stubrunner.AetherStubDownloader  : Remote repos not passed but the switch to work offline was set. Stubs will be used from your local Maven repository.
2019-06-20 11:52:34.308  INFO 14774 --- [    Test worker] o.s.c.c.stubrunner.AetherStubDownloader  : Desired version is [+] - will try to resolve the latest version
2019-06-20 11:52:34.309  INFO 14774 --- [    Test worker] o.s.c.c.stubrunner.AetherStubDownloader  : Resolved version is [0.0.1-SNAPSHOT]
2019-06-20 11:52:34.310  INFO 14774 --- [    Test worker] o.s.c.c.stubrunner.AetherStubDownloader  : Resolved artifact [com.globant.bootcamp:contract-rest-service:jar:stubs:0.0.1-SNAPSHOT] to /home/rocks/.m2/repository/com/globant/bootcamp/contract-rest-service/0.0.1-SNAPSHOT/contract-rest-service-0.0.1-SNAPSHOT-stubs.jar
2019-06-20 11:52:34.310  INFO 14774 --- [    Test worker] o.s.c.c.stubrunner.AetherStubDownloader  : Unpacking stub from JAR [URI: file:/home/rocks/.m2/repository/com/globant/bootcamp/contract-rest-service/0.0.1-SNAPSHOT/contract-rest-service-0.0.1-SNAPSHOT-stubs.jar]
2019-06-20 11:52:34.314  INFO 14774 --- [    Test worker] o.s.c.c.stubrunner.AetherStubDownloader  : Unpacked file to [/tmp/contracts13275506222673609675]
2019-06-20 11:52:34.527  INFO 14774 --- [    Test worker] w.org.eclipse.jetty.server.Server        : jetty-9.2.z-SNAPSHOT
2019-06-20 11:52:34.528  INFO 14774 --- [    Test worker] w.o.e.j.server.handler.ContextHandler    : Started w.o.e.j.s.ServletContextHandler@4a84fd9f{/__admin,null,AVAILABLE}
2019-06-20 11:52:34.529  INFO 14774 --- [    Test worker] w.o.e.j.server.handler.ContextHandler    : Started w.o.e.j.s.ServletContextHandler@58c91f4{/,null,AVAILABLE}
2019-06-20 11:52:34.530  INFO 14774 --- [    Test worker] w.o.e.j.s.NetworkTrafficServerConnector  : Started NetworkTrafficServerConnector@6889fcdf{HTTP/1.1}{0.0.0.0:10932}
2019-06-20 11:52:34.530  INFO 14774 --- [    Test worker] w.org.eclipse.jetty.server.Server        : Started @17144ms
2019-06-20 11:52:34.530  INFO 14774 --- [    Test worker] o.s.c.contract.stubrunner.StubServer     : Started stub server for project [com.globant.bootcamp:contract-rest-service:0.0.1-SNAPSHOT:stubs] on port 10932
2019-06-20 11:52:34.538  INFO 14774 --- [p1697849317-203] /__admin                                 : RequestHandlerClass from context returned com.github.tomakehurst.wiremock.http.AdminRequestHandler. Normalized mapped under returned 'null'
2019-06-20 11:52:34.540  INFO 14774 --- [p1697849317-203] WireMock                                 : Admin request received:
127.0.0.1 - POST /mappings

Connection: [keep-alive]
User-Agent: [Apache-HttpClient/4.5.5 (Java/11.0.3)]
Host: [localhost:10932]
Content-Length: [225]
Content-Type: [text/plain; charset=UTF-8]
{
  "id" : "734b5afd-76be-4915-ba15-99ddb7eaa30f",
  "request" : {
    "url" : "/ping",
    "method" : "GET"
  },
  "response" : {
    "status" : 200,
    "body" : "OK"
  },
  "uuid" : "734b5afd-76be-4915-ba15-99ddb7eaa30f"
}

2019-06-20 11:52:34.560  INFO 14774 --- [p1697849317-204] WireMock                                 : Admin request received:
127.0.0.1 - POST /mappings

Connection: [keep-alive]
User-Agent: [Apache-HttpClient/4.5.5 (Java/11.0.3)]
Host: [localhost:10932]
Content-Length: [227]
Content-Type: [text/plain; charset=UTF-8]
{
  "id" : "430b5a65-6568-46e3-8ed5-79796ef1bf58",
  "request" : {
    "url" : "/health",
    "method" : "GET"
  },
  "response" : {
    "status" : 200,
    "body" : "OK"
  },
  "uuid" : "430b5a65-6568-46e3-8ed5-79796ef1bf58"
}

2019-06-20 11:52:34.580  INFO 14774 --- [p1697849317-205] WireMock                                 : Admin request received:
127.0.0.1 - POST /mappings

Connection: [keep-alive]
User-Agent: [Apache-HttpClient/4.5.5 (Java/11.0.3)]
Host: [localhost:10932]
Content-Length: [717]
Content-Type: [text/plain; charset=UTF-8]
{
  "id" : "30b7aa2b-7dc8-4d9c-a17e-ff18e15b37e3",
  "request" : {
    "url" : "/customer/id",
    "method" : "POST",
    "headers" : {
      "Content-Type" : {
        "matches" : "application/json.*"
      }
    },
    "bodyPatterns" : [ {
      "matchesJsonPath" : "$[?(@.['name'] == 'Felipe')]"
    }, {
      "matchesJsonPath" : "$[?(@.['surname'] == 'Martinez')]"
    }, {
      "matchesJsonPath" : "$[?(@.['id'] == 4)]"
    } ]
  },
  "response" : {
    "status" : 200,
    "body" : "{\"surname\":\"Martinez\",\"name\":\"Felipe\",\"id\":4}",
    "headers" : {
      "Content-Type" : "application/json"
    },
    "transformers" : [ "response-template" ]
  },
  "uuid" : "30b7aa2b-7dc8-4d9c-a17e-ff18e15b37e3"
}

2019-06-20 11:52:34.604  INFO 14774 --- [p1697849317-206] WireMock                                 : Admin request received:
127.0.0.1 - POST /mappings

Connection: [keep-alive]
User-Agent: [Apache-HttpClient/4.5.5 (Java/11.0.3)]
Host: [localhost:10932]
Content-Length: [396]
Content-Type: [text/plain; charset=UTF-8]
{
  "id" : "886741a8-bc0a-4423-9e94-a13fe5756e78",
  "request" : {
    "url" : "/customer/id/1",
    "method" : "GET"
  },
  "response" : {
    "status" : 200,
    "body" : "{\"surname\":\"Castro\",\"name\":\"Mike\",\"id\":1}",
    "headers" : {
      "Content-Type" : "application/json"
    },
    "transformers" : [ "response-template" ]
  },
  "uuid" : "886741a8-bc0a-4423-9e94-a13fe5756e78"
}

2019-06-20 11:52:34.622  INFO 14774 --- [p1697849317-203] WireMock                                 : Admin request received:
127.0.0.1 - POST /mappings

Connection: [keep-alive]
User-Agent: [Apache-HttpClient/4.5.5 (Java/11.0.3)]
Host: [localhost:10932]
Content-Length: [401]
Content-Type: [text/plain; charset=UTF-8]
{
  "id" : "8b9ad99d-9eca-415b-8ed9-7ba62f0d9283",
  "request" : {
    "url" : "/customer/id/3",
    "method" : "GET"
  },
  "response" : {
    "status" : 200,
    "body" : "{\"surname\":\"Gutierrez\",\"name\":\"Daniel\",\"id\":3}",
    "headers" : {
      "Content-Type" : "application/json"
    },
    "transformers" : [ "response-template" ]
  },
  "uuid" : "8b9ad99d-9eca-415b-8ed9-7ba62f0d9283"
}

2019-06-20 11:52:34.629  INFO 14774 --- [p1697849317-204] WireMock                                 : Admin request received:
127.0.0.1 - POST /mappings

Connection: [keep-alive]
User-Agent: [Apache-HttpClient/4.5.5 (Java/11.0.3)]
Host: [localhost:10932]
Content-Length: [388]
Content-Type: [text/plain; charset=UTF-8]
{
  "id" : "71233e6c-01df-4a7c-a40d-30452dd0e890",
  "request" : {
    "url" : "/customer/id/2",
    "method" : "GET"
  },
  "response" : {
    "status" : 200,
    "body" : "{\"surname\":\"-\",\"name\":\"-\",\"id\":0}",
    "headers" : {
      "Content-Type" : "application/json"
    },
    "transformers" : [ "response-template" ]
  },
  "uuid" : "71233e6c-01df-4a7c-a40d-30452dd0e890"
}

2019-06-20 11:52:34.636  INFO 14774 --- [p1697849317-205] WireMock                                 : Admin request received:
127.0.0.1 - POST /mappings

Connection: [keep-alive]
User-Agent: [Apache-HttpClient/4.5.5 (Java/11.0.3)]
Host: [localhost:10932]
Content-Length: [401]
Content-Type: [text/plain; charset=UTF-8]
{
  "id" : "48d4e535-3c33-44d5-8082-d568df43982f",
  "request" : {
    "url" : "/customer/name/Mike",
    "method" : "GET"
  },
  "response" : {
    "status" : 200,
    "body" : "{\"surname\":\"Castro\",\"name\":\"Mike\",\"id\":1}",
    "headers" : {
      "Content-Type" : "application/json"
    },
    "transformers" : [ "response-template" ]
  },
  "uuid" : "48d4e535-3c33-44d5-8082-d568df43982f"
}

2019-06-20 11:52:34.643  INFO 14774 --- [p1697849317-206] WireMock                                 : Admin request received:
127.0.0.1 - POST /mappings

Connection: [keep-alive]
User-Agent: [Apache-HttpClient/4.5.5 (Java/11.0.3)]
Host: [localhost:10932]
Content-Length: [705]
Content-Type: [text/plain; charset=UTF-8]
{
  "id" : "77326705-b27a-42b8-89de-64ba60024079",
  "request" : {
    "url" : "/customer/id/2",
    "method" : "DELETE",
    "headers" : {
      "Content-Type" : {
        "matches" : "application/json.*"
      }
    },
    "bodyPatterns" : [ {
      "matchesJsonPath" : "$[?(@.['surname'] == 'Perez')]"
    }, {
      "matchesJsonPath" : "$[?(@.['name'] == 'Mauro')]"
    }, {
      "matchesJsonPath" : "$[?(@.['id'] == 2)]"
    } ]
  },
  "response" : {
    "status" : 200,
    "body" : "{\"surname\":\"-\",\"name\":\"-\",\"id\":0}",
    "headers" : {
      "Content-Type" : "application/json"
    },
    "transformers" : [ "response-template" ]
  },
  "uuid" : "77326705-b27a-42b8-89de-64ba60024079"
}

2019-06-20 11:52:34.652  INFO 14774 --- [p1697849317-203] WireMock                                 : Admin request received:
127.0.0.1 - POST /mappings

Connection: [keep-alive]
User-Agent: [Apache-HttpClient/4.5.5 (Java/11.0.3)]
Host: [localhost:10932]
Content-Length: [720]
Content-Type: [text/plain; charset=UTF-8]
{
  "id" : "37acf32e-e43e-4428-800a-2b4ad0921b20",
  "request" : {
    "url" : "/customer/id/3",
    "method" : "PUT",
    "headers" : {
      "Content-Type" : {
        "matches" : "application/json.*"
      }
    },
    "bodyPatterns" : [ {
      "matchesJsonPath" : "$[?(@.['surname'] == 'Gutierrez')]"
    }, {
      "matchesJsonPath" : "$[?(@.['name'] == 'Daniel')]"
    }, {
      "matchesJsonPath" : "$[?(@.['id'] == 3)]"
    } ]
  },
  "response" : {
    "status" : 200,
    "body" : "{\"surname\":\"Gutierrez\",\"name\":\"Daniel\",\"id\":3}",
    "headers" : {
      "Content-Type" : "application/json"
    },
    "transformers" : [ "response-template" ]
  },
  "uuid" : "37acf32e-e43e-4428-800a-2b4ad0921b20"
}

2019-06-20 11:52:34.672  INFO 14774 --- [    Test worker] o.s.c.c.stubrunner.StubRunnerExecutor    : All stubs are now running RunningStubs [namesAndPorts={com.globant.bootcamp:contract-rest-service:0.0.1-SNAPSHOT:stubs=10932}]
2019-06-20 11:52:34.697  INFO 14774 --- [    Test worker] o.s.b.w.embedded.tomcat.TomcatWebServer  : Tomcat started on port(s): 40431 (http) with context path ''
2019-06-20 11:52:34.698  INFO 14774 --- [    Test worker] c.g.b.D.ContractRestClientDELETEuserByID : Started ContractRestClientDELETEuserByID in 1.131 seconds (JVM running for 17.313)
2019-06-20 11:52:34.714  INFO 14774 --- [p1697849317-204] /                                        : RequestHandlerClass from context returned com.github.tomakehurst.wiremock.http.StubRequestHandler. Normalized mapped under returned 'null'
2019-06-20 11:52:34.719  INFO 14774 --- [p1697849317-204] WireMock                                 : Request received:
127.0.0.1 - DELETE /customer/id/2

Accept-Charset: [big5, big5-hkscs, cesu-8, euc-jp, euc-kr, gb18030, gb2312, gbk, ibm-thai, ibm00858, ibm01140, ibm01141, ibm01142, ibm01143, ibm01144, ibm01145, ibm01146, ibm01147, ibm01148, ibm01149, ibm037, ibm1026, ibm1047, ibm273, ibm277, ibm278, ibm280, ibm284, ibm285, ibm290, ibm297, ibm420, ibm424, ibm437, ibm500, ibm775, ibm850, ibm852, ibm855, ibm857, ibm860, ibm861, ibm862, ibm863, ibm864, ibm865, ibm866, ibm868, ibm869, ibm870, ibm871, ibm918, iso-2022-cn, iso-2022-jp, iso-2022-jp-2, iso-2022-kr, iso-8859-1, iso-8859-13, iso-8859-15, iso-8859-16, iso-8859-2, iso-8859-3, iso-8859-4, iso-8859-5, iso-8859-6, iso-8859-7, iso-8859-8, iso-8859-9, jis_x0201, jis_x0212-1990, koi8-r, koi8-u, shift_jis, tis-620, us-ascii, utf-16, utf-16be, utf-16le, utf-32, utf-32be, utf-32le, utf-8, windows-1250, windows-1251, windows-1252, windows-1253, windows-1254, windows-1255, windows-1256, windows-1257, windows-1258, windows-31j, x-big5-hkscs-2001, x-big5-solaris, x-euc-jp-linux, x-euc-tw, x-eucjp-open, x-ibm1006, x-ibm1025, x-ibm1046, x-ibm1097, x-ibm1098, x-ibm1112, x-ibm1122, x-ibm1123, x-ibm1124, x-ibm1166, x-ibm1364, x-ibm1381, x-ibm1383, x-ibm300, x-ibm33722, x-ibm737, x-ibm833, x-ibm834, x-ibm856, x-ibm874, x-ibm875, x-ibm921, x-ibm922, x-ibm930, x-ibm933, x-ibm935, x-ibm937, x-ibm939, x-ibm942, x-ibm942c, x-ibm943, x-ibm943c, x-ibm948, x-ibm949, x-ibm949c, x-ibm950, x-ibm964, x-ibm970, x-iscii91, x-iso-2022-cn-cns, x-iso-2022-cn-gb, x-iso-8859-11, x-jis0208, x-jisautodetect, x-johab, x-macarabic, x-maccentraleurope, x-maccroatian, x-maccyrillic, x-macdingbat, x-macgreek, x-machebrew, x-maciceland, x-macroman, x-macromania, x-macsymbol, x-macthai, x-macturkish, x-macukraine, x-ms932_0213, x-ms950-hkscs, x-ms950-hkscs-xp, x-mswin-936, x-pck, x-sjis_0213, x-utf-16le-bom, x-utf-32be-bom, x-utf-32le-bom, x-windows-50220, x-windows-50221, x-windows-874, x-windows-949, x-windows-950, x-windows-iso2022jp]
Accept: [application/json]
User-Agent: [Java/11.0.3]
Connection: [keep-alive]
Host: [localhost:10932]
Content-Length: [41]
Content-Type: [application/json]
{"surname":"Perez","name":"Mauro","id":2}


Matched response definition:
{
  "status" : 200,
  "body" : "{\"surname\":\"-\",\"name\":\"-\",\"id\":0}",
  "headers" : {
    "Content-Type" : "application/json"
  },
  "transformers" : [ "response-template" ]
}

Response:
HTTP/1.1 200
Content-Type: [application/json]
Matched-Stub-Id: [77326705-b27a-42b8-89de-64ba60024079]


2019-06-20 11:52:34.725  INFO 14774 --- [p1697849317-205] WireMock                                 : Warning: JSON path expression '$[?(@.['surname'] == 'Gutierrez')]' failed to match document '' because of error 'json string can not be null or empty'
2019-06-20 11:52:34.725  INFO 14774 --- [p1697849317-205] WireMock                                 : Warning: JSON path expression '$[?(@.['name'] == 'Daniel')]' failed to match document '' because of error 'json string can not be null or empty'
2019-06-20 11:52:34.726  INFO 14774 --- [p1697849317-205] WireMock                                 : Warning: JSON path expression '$[?(@.['id'] == 3)]' failed to match document '' because of error 'json string can not be null or empty'
2019-06-20 11:52:34.726  INFO 14774 --- [p1697849317-205] WireMock                                 : Warning: JSON path expression '$[?(@.['surname'] == 'Perez')]' failed to match document '' because of error 'json string can not be null or empty'
2019-06-20 11:52:34.726  INFO 14774 --- [p1697849317-205] WireMock                                 : Warning: JSON path expression '$[?(@.['name'] == 'Mauro')]' failed to match document '' because of error 'json string can not be null or empty'
2019-06-20 11:52:34.726  INFO 14774 --- [p1697849317-205] WireMock                                 : Warning: JSON path expression '$[?(@.['id'] == 2)]' failed to match document '' because of error 'json string can not be null or empty'
2019-06-20 11:52:34.729  INFO 14774 --- [p1697849317-205] WireMock                                 : Request received:
127.0.0.1 - GET /customer/id/2

User-Agent: [Java/11.0.3]
Connection: [keep-alive]
Host: [localhost:10932]
Accept: [application/json, application/*+json]



Matched response definition:
{
  "status" : 200,
  "body" : "{\"surname\":\"-\",\"name\":\"-\",\"id\":0}",
  "headers" : {
    "Content-Type" : "application/json"
  },
  "transformers" : [ "response-template" ]
}

Response:
HTTP/1.1 200
Content-Type: [application/json]
Matched-Stub-Id: [71233e6c-01df-4a7c-a40d-30452dd0e890]


2019-06-20 11:52:34.732  WARN 14774 --- [    Test worker] .StubRunnerWireMockTestExecutionListener : You've used fixed ports for WireMock setup - will mark context as dirty. Please use random ports, as much as possible. Your tests will be faster and more reliable and thiswarning will go away
2019-06-20 11:52:34.744  INFO 14774 --- [    Test worker] w.o.e.j.s.NetworkTrafficServerConnector  : Stopped NetworkTrafficServerConnector@6889fcdf{HTTP/1.1}{0.0.0.0:10932}
2019-06-20 11:52:34.744  INFO 14774 --- [    Test worker] w.o.e.j.server.handler.ContextHandler    : Stopped w.o.e.j.s.ServletContextHandler@58c91f4{/,null,UNAVAILABLE}
2019-06-20 11:52:34.745  INFO 14774 --- [    Test worker] w.o.e.j.server.handler.ContextHandler    : Stopped w.o.e.j.s.ServletContextHandler@4a84fd9f{/__admin,null,UNAVAILABLE}
2019-06-20 11:52:34.746  INFO 14774 --- [    Test worker] o.s.s.concurrent.ThreadPoolTaskExecutor  : Shutting down ExecutorService 'applicationTaskExecutor'
]]></system-out>
  <system-err><![CDATA[]]></system-err>
</testsuite>
