<?xml version="1.0" encoding="UTF-8"?>
<testsuite name="org.springframework.cloud.contract.verifier.tests.com.glb.bootcamp.POSTTest" tests="1" skipped="0" failures="0" errors="0" timestamp="2019-06-20T16:52:08" hostname="rocks" time="0.06">
  <properties/>
  <testcase name="validate_add_customer_by_id" classname="org.springframework.cloud.contract.verifier.tests.com.glb.bootcamp.POSTTest" time="0.06"/>
  <system-out><![CDATA[2019-06-20 11:52:08.344  INFO 14666 --- [    Test worker] .b.t.c.SpringBootTestContextBootstrapper : Neither @ContextConfiguration nor @ContextHierarchy found for test class [org.springframework.cloud.contract.verifier.tests.com.glb.bootcamp.POSTTest], using SpringBootContextLoader
2019-06-20 11:52:08.346  INFO 14666 --- [    Test worker] o.s.t.c.support.AbstractContextLoader    : Could not detect default resource locations for test class [org.springframework.cloud.contract.verifier.tests.com.glb.bootcamp.POSTTest]: no resource found for suffixes {-context.xml, Context.groovy}.
2019-06-20 11:52:08.351  INFO 14666 --- [    Test worker] .b.t.c.SpringBootTestContextBootstrapper : Loaded default TestExecutionListener class names from location [META-INF/spring.factories]: [org.springframework.boot.test.autoconfigure.restdocs.RestDocsTestExecutionListener, org.springframework.boot.test.autoconfigure.web.client.MockRestServiceServerResetTestExecutionListener, org.springframework.boot.test.autoconfigure.web.servlet.MockMvcPrintOnlyOnFailureTestExecutionListener, org.springframework.boot.test.autoconfigure.web.servlet.WebDriverTestExecutionListener, org.springframework.boot.test.mock.mockito.MockitoTestExecutionListener, org.springframework.boot.test.mock.mockito.ResetMocksTestExecutionListener, org.springframework.test.context.web.ServletTestExecutionListener, org.springframework.test.context.support.DirtiesContextBeforeModesTestExecutionListener, org.springframework.test.context.support.DependencyInjectionTestExecutionListener, org.springframework.test.context.support.DirtiesContextTestExecutionListener, org.springframework.test.context.transaction.TransactionalTestExecutionListener, org.springframework.test.context.jdbc.SqlScriptsTestExecutionListener]
2019-06-20 11:52:08.352  INFO 14666 --- [    Test worker] .b.t.c.SpringBootTestContextBootstrapper : Using TestExecutionListeners: [org.springframework.test.context.web.ServletTestExecutionListener@29490f78, org.springframework.test.context.support.DirtiesContextBeforeModesTestExecutionListener@5ce82c4, org.springframework.boot.test.mock.mockito.MockitoTestExecutionListener@8a357ae, org.springframework.boot.test.autoconfigure.SpringBootDependencyInjectionTestExecutionListener@4668d818, org.springframework.test.context.support.DirtiesContextTestExecutionListener@27bb2d62, org.springframework.test.context.transaction.TransactionalTestExecutionListener@561243f3, org.springframework.test.context.jdbc.SqlScriptsTestExecutionListener@441e60b8, org.springframework.boot.test.autoconfigure.restdocs.RestDocsTestExecutionListener@44b6c83b, org.springframework.boot.test.autoconfigure.web.client.MockRestServiceServerResetTestExecutionListener@3a183df2, org.springframework.boot.test.autoconfigure.web.servlet.MockMvcPrintOnlyOnFailureTestExecutionListener@7e51fc99, org.springframework.boot.test.autoconfigure.web.servlet.WebDriverTestExecutionListener@497d584b, org.springframework.boot.test.mock.mockito.ResetMocksTestExecutionListener@3bf8a64f]
2019-06-20 11:52:08.397  INFO 14666 --- [    Test worker] o.s.mock.web.MockServletContext          : Initializing Spring TestDispatcherServlet ''
2019-06-20 11:52:08.397  INFO 14666 --- [    Test worker] o.s.t.web.servlet.TestDispatcherServlet  : Initializing Servlet ''
2019-06-20 11:52:08.398  INFO 14666 --- [    Test worker] o.s.t.web.servlet.TestDispatcherServlet  : Completed initialization in 1 ms
]]></system-out>
  <system-err><![CDATA[]]></system-err>
</testsuite>
