<?xml version="1.0" encoding="UTF-8"?>
<testsuite name="org.springframework.cloud.contract.verifier.tests.com.glb.bootcamp.DELETETest" tests="1" skipped="0" failures="0" errors="0" timestamp="2019-06-20T16:52:07" hostname="rocks" time="0.897">
  <properties/>
  <testcase name="validate_delete_customer_by_id" classname="org.springframework.cloud.contract.verifier.tests.com.glb.bootcamp.DELETETest" time="0.897"/>
  <system-out><![CDATA[11:51:58.332 [Test worker] DEBUG org.springframework.test.context.junit4.SpringJUnit4ClassRunner - SpringJUnit4ClassRunner constructor called with [class org.springframework.cloud.contract.verifier.tests.com.glb.bootcamp.DELETETest]
11:51:58.347 [Test worker] DEBUG org.springframework.test.context.BootstrapUtils - Instantiating CacheAwareContextLoaderDelegate from class [org.springframework.test.context.cache.DefaultCacheAwareContextLoaderDelegate]
11:51:58.361 [Test worker] DEBUG org.springframework.test.context.BootstrapUtils - Instantiating BootstrapContext using constructor [public org.springframework.test.context.support.DefaultBootstrapContext(java.lang.Class,org.springframework.test.context.CacheAwareContextLoaderDelegate)]
11:51:58.391 [Test worker] DEBUG org.springframework.test.context.BootstrapUtils - Instantiating TestContextBootstrapper for test class [org.springframework.cloud.contract.verifier.tests.com.glb.bootcamp.DELETETest] from class [org.springframework.boot.test.context.SpringBootTestContextBootstrapper]
11:51:58.414 [Test worker] INFO org.springframework.boot.test.context.SpringBootTestContextBootstrapper - Neither @ContextConfiguration nor @ContextHierarchy found for test class [org.springframework.cloud.contract.verifier.tests.com.glb.bootcamp.DELETETest], using SpringBootContextLoader
11:51:58.420 [Test worker] DEBUG org.springframework.test.context.support.AbstractContextLoader - Did not detect default resource location for test class [org.springframework.cloud.contract.verifier.tests.com.glb.bootcamp.DELETETest]: class path resource [org/springframework/cloud/contract/verifier/tests/com/glb/bootcamp/DELETETest-context.xml] does not exist
11:51:58.422 [Test worker] DEBUG org.springframework.test.context.support.AbstractContextLoader - Did not detect default resource location for test class [org.springframework.cloud.contract.verifier.tests.com.glb.bootcamp.DELETETest]: class path resource [org/springframework/cloud/contract/verifier/tests/com/glb/bootcamp/DELETETestContext.groovy] does not exist
11:51:58.423 [Test worker] INFO org.springframework.test.context.support.AbstractContextLoader - Could not detect default resource locations for test class [org.springframework.cloud.contract.verifier.tests.com.glb.bootcamp.DELETETest]: no resource found for suffixes {-context.xml, Context.groovy}.
11:51:58.530 [Test worker] DEBUG org.springframework.test.context.support.ActiveProfilesUtils - Could not find an 'annotation declaring class' for annotation type [org.springframework.test.context.ActiveProfiles] and class [org.springframework.cloud.contract.verifier.tests.com.glb.bootcamp.DELETETest]
11:51:58.735 [Test worker] DEBUG org.springframework.boot.test.context.SpringBootTestContextBootstrapper - @TestExecutionListeners is not present for class [org.springframework.cloud.contract.verifier.tests.com.glb.bootcamp.DELETETest]: using defaults.
11:51:58.736 [Test worker] INFO org.springframework.boot.test.context.SpringBootTestContextBootstrapper - Loaded default TestExecutionListener class names from location [META-INF/spring.factories]: [org.springframework.boot.test.autoconfigure.restdocs.RestDocsTestExecutionListener, org.springframework.boot.test.autoconfigure.web.client.MockRestServiceServerResetTestExecutionListener, org.springframework.boot.test.autoconfigure.web.servlet.MockMvcPrintOnlyOnFailureTestExecutionListener, org.springframework.boot.test.autoconfigure.web.servlet.WebDriverTestExecutionListener, org.springframework.boot.test.mock.mockito.MockitoTestExecutionListener, org.springframework.boot.test.mock.mockito.ResetMocksTestExecutionListener, org.springframework.test.context.web.ServletTestExecutionListener, org.springframework.test.context.support.DirtiesContextBeforeModesTestExecutionListener, org.springframework.test.context.support.DependencyInjectionTestExecutionListener, org.springframework.test.context.support.DirtiesContextTestExecutionListener, org.springframework.test.context.transaction.TransactionalTestExecutionListener, org.springframework.test.context.jdbc.SqlScriptsTestExecutionListener]
11:51:58.759 [Test worker] INFO org.springframework.boot.test.context.SpringBootTestContextBootstrapper - Using TestExecutionListeners: [org.springframework.test.context.web.ServletTestExecutionListener@50346c, org.springframework.test.context.support.DirtiesContextBeforeModesTestExecutionListener@333c527c, org.springframework.boot.test.mock.mockito.MockitoTestExecutionListener@60f82b4b, org.springframework.boot.test.autoconfigure.SpringBootDependencyInjectionTestExecutionListener@8cf4fbe, org.springframework.test.context.support.DirtiesContextTestExecutionListener@9bdf99f, org.springframework.test.context.transaction.TransactionalTestExecutionListener@58c3e566, org.springframework.test.context.jdbc.SqlScriptsTestExecutionListener@79402f46, org.springframework.boot.test.autoconfigure.restdocs.RestDocsTestExecutionListener@b003d6f, org.springframework.boot.test.autoconfigure.web.client.MockRestServiceServerResetTestExecutionListener@6d974c91, org.springframework.boot.test.autoconfigure.web.servlet.MockMvcPrintOnlyOnFailureTestExecutionListener@2ab86c90, org.springframework.boot.test.autoconfigure.web.servlet.WebDriverTestExecutionListener@527a4c9e, org.springframework.boot.test.mock.mockito.ResetMocksTestExecutionListener@589bf8fb]
11:51:58.763 [Test worker] DEBUG org.springframework.test.annotation.ProfileValueUtils - Retrieved @ProfileValueSourceConfiguration [null] for test class [org.springframework.cloud.contract.verifier.tests.com.glb.bootcamp.DELETETest]
11:51:58.764 [Test worker] DEBUG org.springframework.test.annotation.ProfileValueUtils - Retrieved ProfileValueSource type [class org.springframework.test.annotation.SystemProfileValueSource] for class [org.springframework.cloud.contract.verifier.tests.com.glb.bootcamp.DELETETest]
11:51:58.765 [Test worker] DEBUG org.springframework.test.annotation.ProfileValueUtils - Retrieved @ProfileValueSourceConfiguration [null] for test class [org.springframework.cloud.contract.verifier.tests.com.glb.bootcamp.DELETETest]
11:51:58.766 [Test worker] DEBUG org.springframework.test.annotation.ProfileValueUtils - Retrieved ProfileValueSource type [class org.springframework.test.annotation.SystemProfileValueSource] for class [org.springframework.cloud.contract.verifier.tests.com.glb.bootcamp.DELETETest]
11:51:58.773 [Test worker] DEBUG org.springframework.test.context.support.AbstractDirtiesContextTestExecutionListener - Before test class: context [DefaultTestContext@4c1b602c testClass = DELETETest, testInstance = [null], testMethod = [null], testException = [null], mergedContextConfiguration = [WebMergedContextConfiguration@786a5fad testClass = DELETETest, locations = '{}', classes = '{class com.glb.bootcamp.ContractRestServiceApplication, class com.glb.bootcamp.ContractRestServiceApplication}', contextInitializerClasses = '[]', activeProfiles = '{}', propertySourceLocations = '{}', propertySourceProperties = '{org.springframework.boot.test.context.SpringBootTestContextBootstrapper=true}', contextCustomizers = set[org.springframework.boot.test.autoconfigure.properties.PropertyMappingContextCustomizer@0, org.springframework.boot.test.autoconfigure.web.servlet.WebDriverContextCustomizerFactory$Customizer@117e43c, org.springframework.boot.test.context.filter.ExcludeFilterContextCustomizer@593f41e5, org.springframework.boot.test.json.DuplicateJsonObjectContextCustomizerFactory$DuplicateJsonObjectContextCustomizer@5dcf4df0, org.springframework.boot.test.mock.mockito.MockitoContextCustomizer@b94ef613, org.springframework.boot.test.web.client.TestRestTemplateContextCustomizer@4742f129], resourceBasePath = 'src/main/webapp', contextLoader = 'org.springframework.boot.test.context.SpringBootContextLoader', parent = [null]], attributes = map['org.springframework.test.context.web.ServletTestExecutionListener.activateListener' -> true]], class annotated with @DirtiesContext [false] with mode [null].
11:51:58.774 [Test worker] DEBUG org.springframework.test.annotation.ProfileValueUtils - Retrieved @ProfileValueSourceConfiguration [null] for test class [org.springframework.cloud.contract.verifier.tests.com.glb.bootcamp.DELETETest]
11:51:58.774 [Test worker] DEBUG org.springframework.test.annotation.ProfileValueUtils - Retrieved ProfileValueSource type [class org.springframework.test.annotation.SystemProfileValueSource] for class [org.springframework.cloud.contract.verifier.tests.com.glb.bootcamp.DELETETest]
11:51:58.804 [Test worker] DEBUG org.springframework.test.context.support.TestPropertySourceUtils - Adding inlined properties to environment: {spring.jmx.enabled=false, org.springframework.boot.test.context.SpringBootTestContextBootstrapper=true, server.port=-1}

  .   ____          _            __ _ _
 /\\ / ___'_ __ _ _(_)_ __  __ _ \ \ \ \
( ( )\___ | '_ | '_| | '_ \/ _` | \ \ \ \
 \\/  ___)| |_)| | | | | || (_| |  ) ) ) )
  '  |____| .__|_| |_|_| |_\__, | / / / /
 =========|_|==============|___/=/_/_/_/
 :: Spring Boot ::        (v2.1.4.RELEASE)

2019-06-20 11:51:59.416  INFO 14666 --- [    Test worker] o.s.c.c.v.t.com.glb.bootcamp.DELETETest  : Starting DELETETest on rocks with PID 14666 (started by rocks in /home/rocks/Documents/Programming/Spring/bootcamp-java-spring-may-2019/Week3/VictorMartinez/Contracts/spring-integration-test/contract-rest-service)
2019-06-20 11:51:59.420  INFO 14666 --- [    Test worker] o.s.c.c.v.t.com.glb.bootcamp.DELETETest  : No active profile set, falling back to default profiles: default
2019-06-20 11:52:03.141  INFO 14666 --- [    Test worker] trationDelegate$BeanPostProcessorChecker : Bean 'org.springframework.hateoas.config.HateoasConfiguration' of type [org.springframework.hateoas.config.HateoasConfiguration$$EnhancerBySpringCGLIB$$3cc0e65f] is not eligible for getting processed by all BeanPostProcessors (for example: not eligible for auto-proxying)
2019-06-20 11:52:05.529  INFO 14666 --- [    Test worker] o.s.s.concurrent.ThreadPoolTaskExecutor  : Initializing ExecutorService 'applicationTaskExecutor'
2019-06-20 11:52:06.918  INFO 14666 --- [    Test worker] o.s.b.a.e.web.EndpointLinksResolver      : Exposing 15 endpoint(s) beneath base path '/actuator'
2019-06-20 11:52:07.051  INFO 14666 --- [    Test worker] o.s.c.c.v.t.com.glb.bootcamp.DELETETest  : Started DELETETest in 8.235 seconds (JVM running for 9.675)
2019-06-20 11:52:07.478  INFO 14666 --- [    Test worker] o.s.mock.web.MockServletContext          : Initializing Spring TestDispatcherServlet ''
2019-06-20 11:52:07.478  INFO 14666 --- [    Test worker] o.s.t.web.servlet.TestDispatcherServlet  : Initializing Servlet ''
2019-06-20 11:52:07.479  INFO 14666 --- [    Test worker] o.s.t.web.servlet.TestDispatcherServlet  : Completed initialization in 0 ms
]]></system-out>
  <system-err><![CDATA[]]></system-err>
</testsuite>
