<?xml version="1.0" encoding="UTF-8"?>
<testsuite name="org.springframework.cloud.contract.verifier.tests.com.glb.bootcamp.PUTTest" tests="1" skipped="0" failures="0" errors="0" timestamp="2019-06-20T16:52:08" hostname="rocks" time="0.063">
  <properties/>
  <testcase name="validate_update_customer_by_id" classname="org.springframework.cloud.contract.verifier.tests.com.glb.bootcamp.PUTTest" time="0.063"/>
  <system-out><![CDATA[2019-06-20 11:52:08.265  INFO 14666 --- [    Test worker] .b.t.c.SpringBootTestContextBootstrapper : Neither @ContextConfiguration nor @ContextHierarchy found for test class [org.springframework.cloud.contract.verifier.tests.com.glb.bootcamp.PUTTest], using SpringBootContextLoader
2019-06-20 11:52:08.267  INFO 14666 --- [    Test worker] o.s.t.c.support.AbstractContextLoader    : Could not detect default resource locations for test class [org.springframework.cloud.contract.verifier.tests.com.glb.bootcamp.PUTTest]: no resource found for suffixes {-context.xml, Context.groovy}.
2019-06-20 11:52:08.272  INFO 14666 --- [    Test worker] .b.t.c.SpringBootTestContextBootstrapper : Loaded default TestExecutionListener class names from location [META-INF/spring.factories]: [org.springframework.boot.test.autoconfigure.restdocs.RestDocsTestExecutionListener, org.springframework.boot.test.autoconfigure.web.client.MockRestServiceServerResetTestExecutionListener, org.springframework.boot.test.autoconfigure.web.servlet.MockMvcPrintOnlyOnFailureTestExecutionListener, org.springframework.boot.test.autoconfigure.web.servlet.WebDriverTestExecutionListener, org.springframework.boot.test.mock.mockito.MockitoTestExecutionListener, org.springframework.boot.test.mock.mockito.ResetMocksTestExecutionListener, org.springframework.test.context.web.ServletTestExecutionListener, org.springframework.test.context.support.DirtiesContextBeforeModesTestExecutionListener, org.springframework.test.context.support.DependencyInjectionTestExecutionListener, org.springframework.test.context.support.DirtiesContextTestExecutionListener, org.springframework.test.context.transaction.TransactionalTestExecutionListener, org.springframework.test.context.jdbc.SqlScriptsTestExecutionListener]
2019-06-20 11:52:08.273  INFO 14666 --- [    Test worker] .b.t.c.SpringBootTestContextBootstrapper : Using TestExecutionListeners: [org.springframework.test.context.web.ServletTestExecutionListener@2ece6c30, org.springframework.test.context.support.DirtiesContextBeforeModesTestExecutionListener@318825be, org.springframework.boot.test.mock.mockito.MockitoTestExecutionListener@4875f50c, org.springframework.boot.test.autoconfigure.SpringBootDependencyInjectionTestExecutionListener@3ce4d086, org.springframework.test.context.support.DirtiesContextTestExecutionListener@611684c6, org.springframework.test.context.transaction.TransactionalTestExecutionListener@1143e88f, org.springframework.test.context.jdbc.SqlScriptsTestExecutionListener@76f9a23e, org.springframework.boot.test.autoconfigure.restdocs.RestDocsTestExecutionListener@6c032c87, org.springframework.boot.test.autoconfigure.web.client.MockRestServiceServerResetTestExecutionListener@3966b575, org.springframework.boot.test.autoconfigure.web.servlet.MockMvcPrintOnlyOnFailureTestExecutionListener@376f3546, org.springframework.boot.test.autoconfigure.web.servlet.WebDriverTestExecutionListener@c3c99c7, org.springframework.boot.test.mock.mockito.ResetMocksTestExecutionListener@79aeebd3]
2019-06-20 11:52:08.319  INFO 14666 --- [    Test worker] o.s.mock.web.MockServletContext          : Initializing Spring TestDispatcherServlet ''
2019-06-20 11:52:08.319  INFO 14666 --- [    Test worker] o.s.t.web.servlet.TestDispatcherServlet  : Initializing Servlet ''
2019-06-20 11:52:08.320  INFO 14666 --- [    Test worker] o.s.t.web.servlet.TestDispatcherServlet  : Completed initialization in 1 ms
]]></system-out>
  <system-err><![CDATA[]]></system-err>
</testsuite>
