<?xml version="1.0" encoding="UTF-8"?>
<testsuite name="org.springframework.cloud.contract.verifier.tests.com.glb.bootcamp.GETTest" tests="4" skipped="0" failures="0" errors="0" timestamp="2019-06-20T16:52:08" hostname="rocks" time="0.257">
  <properties/>
  <testcase name="validate_find_deleted_Customer_id_2" classname="org.springframework.cloud.contract.verifier.tests.com.glb.bootcamp.GETTest" time="0.069"/>
  <testcase name="validate_find_customer_by_name" classname="org.springframework.cloud.contract.verifier.tests.com.glb.bootcamp.GETTest" time="0.064"/>
  <testcase name="validate_find_customer_by_id2" classname="org.springframework.cloud.contract.verifier.tests.com.glb.bootcamp.GETTest" time="0.053"/>
  <testcase name="validate_find_customer_by_id" classname="org.springframework.cloud.contract.verifier.tests.com.glb.bootcamp.GETTest" time="0.066"/>
  <system-out><![CDATA[2019-06-20 11:52:07.992  INFO 14666 --- [    Test worker] .b.t.c.SpringBootTestContextBootstrapper : Neither @ContextConfiguration nor @ContextHierarchy found for test class [org.springframework.cloud.contract.verifier.tests.com.glb.bootcamp.GETTest], using SpringBootContextLoader
2019-06-20 11:52:07.993  INFO 14666 --- [    Test worker] o.s.t.c.support.AbstractContextLoader    : Could not detect default resource locations for test class [org.springframework.cloud.contract.verifier.tests.com.glb.bootcamp.GETTest]: no resource found for suffixes {-context.xml, Context.groovy}.
2019-06-20 11:52:07.999  INFO 14666 --- [    Test worker] .b.t.c.SpringBootTestContextBootstrapper : Loaded default TestExecutionListener class names from location [META-INF/spring.factories]: [org.springframework.boot.test.autoconfigure.restdocs.RestDocsTestExecutionListener, org.springframework.boot.test.autoconfigure.web.client.MockRestServiceServerResetTestExecutionListener, org.springframework.boot.test.autoconfigure.web.servlet.MockMvcPrintOnlyOnFailureTestExecutionListener, org.springframework.boot.test.autoconfigure.web.servlet.WebDriverTestExecutionListener, org.springframework.boot.test.mock.mockito.MockitoTestExecutionListener, org.springframework.boot.test.mock.mockito.ResetMocksTestExecutionListener, org.springframework.test.context.web.ServletTestExecutionListener, org.springframework.test.context.support.DirtiesContextBeforeModesTestExecutionListener, org.springframework.test.context.support.DependencyInjectionTestExecutionListener, org.springframework.test.context.support.DirtiesContextTestExecutionListener, org.springframework.test.context.transaction.TransactionalTestExecutionListener, org.springframework.test.context.jdbc.SqlScriptsTestExecutionListener]
2019-06-20 11:52:08.000  INFO 14666 --- [    Test worker] .b.t.c.SpringBootTestContextBootstrapper : Using TestExecutionListeners: [org.springframework.test.context.web.ServletTestExecutionListener@1cbd400e, org.springframework.test.context.support.DirtiesContextBeforeModesTestExecutionListener@2e74636f, org.springframework.boot.test.mock.mockito.MockitoTestExecutionListener@4e65f9b0, org.springframework.boot.test.autoconfigure.SpringBootDependencyInjectionTestExecutionListener@348df807, org.springframework.test.context.support.DirtiesContextTestExecutionListener@424663a8, org.springframework.test.context.transaction.TransactionalTestExecutionListener@4f240f94, org.springframework.test.context.jdbc.SqlScriptsTestExecutionListener@2e6dc7b9, org.springframework.boot.test.autoconfigure.restdocs.RestDocsTestExecutionListener@75fb4fb3, org.springframework.boot.test.autoconfigure.web.client.MockRestServiceServerResetTestExecutionListener@4512987, org.springframework.boot.test.autoconfigure.web.servlet.MockMvcPrintOnlyOnFailureTestExecutionListener@6be6de36, org.springframework.boot.test.autoconfigure.web.servlet.WebDriverTestExecutionListener@2bf69cfc, org.springframework.boot.test.mock.mockito.ResetMocksTestExecutionListener@45fd8e6]
2019-06-20 11:52:08.058  INFO 14666 --- [    Test worker] o.s.mock.web.MockServletContext          : Initializing Spring TestDispatcherServlet ''
2019-06-20 11:52:08.059  INFO 14666 --- [    Test worker] o.s.t.web.servlet.TestDispatcherServlet  : Initializing Servlet ''
2019-06-20 11:52:08.059  INFO 14666 --- [    Test worker] o.s.t.web.servlet.TestDispatcherServlet  : Completed initialization in 0 ms
2019-06-20 11:52:08.114  INFO 14666 --- [    Test worker] o.s.mock.web.MockServletContext          : Initializing Spring TestDispatcherServlet ''
2019-06-20 11:52:08.115  INFO 14666 --- [    Test worker] o.s.t.web.servlet.TestDispatcherServlet  : Initializing Servlet ''
2019-06-20 11:52:08.115  INFO 14666 --- [    Test worker] o.s.t.web.servlet.TestDispatcherServlet  : Completed initialization in 0 ms
2019-06-20 11:52:08.179  INFO 14666 --- [    Test worker] o.s.mock.web.MockServletContext          : Initializing Spring TestDispatcherServlet ''
2019-06-20 11:52:08.180  INFO 14666 --- [    Test worker] o.s.t.web.servlet.TestDispatcherServlet  : Initializing Servlet ''
2019-06-20 11:52:08.180  INFO 14666 --- [    Test worker] o.s.t.web.servlet.TestDispatcherServlet  : Completed initialization in 0 ms
2019-06-20 11:52:08.249  INFO 14666 --- [    Test worker] o.s.mock.web.MockServletContext          : Initializing Spring TestDispatcherServlet ''
2019-06-20 11:52:08.249  INFO 14666 --- [    Test worker] o.s.t.web.servlet.TestDispatcherServlet  : Initializing Servlet ''
2019-06-20 11:52:08.250  INFO 14666 --- [    Test worker] o.s.t.web.servlet.TestDispatcherServlet  : Completed initialization in 1 ms
]]></system-out>
  <system-err><![CDATA[]]></system-err>
</testsuite>
